<?xml version="1.0" encoding="UTF-8"?>
<testsuite name="HelperTest" tests="24" skipped="0" failures="0" errors="0" timestamp="2016-12-02T15:37:43" hostname="Jeevas-MacBook-Pro.local" time="0.013">
  <properties/>
  <testcase name="convertToInteger_will_return_zero_when_given_null" classname="HelperTest" time="0.002"/>
  <testcase name="convertToRomanNumeral_should_convert_1000" classname="HelperTest" time="0.001"/>
  <testcase name="convertToRomanNumeral_should_convert_1449" classname="HelperTest" time="0.001"/>
  <testcase name="convertToRomanNumeral_should_convert_3489" classname="HelperTest" time="0.0"/>
  <testcase name="convertToInteger_should_be_4_for_IV" classname="HelperTest" time="0.001"/>
  <testcase name="convertToRomanNumeral_should_convert_1" classname="HelperTest" time="0.0"/>
  <testcase name="convertToRomanNumeral_should_convert_2" classname="HelperTest" time="0.0"/>
  <testcase name="convertToRomanNumeral_should_convert_4" classname="HelperTest" time="0.001"/>
  <testcase name="convertToInteger_should_be_9_for_IX" classname="HelperTest" time="0.0"/>
  <testcase name="convertToInteger_should_be_2_for_II" classname="HelperTest" time="0.0"/>
  <testcase name="convertToInteger_should_be_140_for_CXL" classname="HelperTest" time="0.001"/>
  <testcase name="convertToInteger_will_return_zero_when_given_an_invalid_roman_numeral" classname="HelperTest" time="0.0"/>
  <testcase name="convertToRomanNumeral_should_convert_140" classname="HelperTest" time="0.0"/>
  <testcase name="convertToRomanNumeral_should_convert_500" classname="HelperTest" time="0.0"/>
  <testcase name="convertToRomanNumeral_should_convert_900" classname="HelperTest" time="0.0"/>
  <testcase name="convertToInteger_should_be_90_for_XC" classname="HelperTest" time="0.001"/>
  <testcase name="convertToRomanNumeral_should_convert_13" classname="HelperTest" time="0.0"/>
  <testcase name="convertToRomanNumeral_should_convert_40" classname="HelperTest" time="0.0"/>
  <testcase name="convertToRomanNumeral_should_convert_41" classname="HelperTest" time="0.001"/>
  <testcase name="convertToRomanNumeral_should_convert_59" classname="HelperTest" time="0.0"/>
  <testcase name="convertToRomanNumeral_should_convert_61" classname="HelperTest" time="0.0"/>
  <testcase name="convertToRomanNumeral_should_convert_90" classname="HelperTest" time="0.001"/>
  <testcase name="convertToInteger_should_be_1449_for_CM" classname="HelperTest" time="0.0"/>
  <testcase name="convertToInteger_should_be_61_for_LXI" classname="HelperTest" time="0.0"/>
  <system-out><![CDATA[]]></system-out>
  <system-err><![CDATA[]]></system-err>
</testsuite>
