<?xml version="1.0" encoding="UTF-8"?>
<testsuite name="RomanNumeralCalculatorAdditionTest" tests="14" skipped="0" failures="0" errors="0" timestamp="2016-12-02T15:37:43" hostname="Jeevas-MacBook-Pro.local" time="0.007">
  <properties/>
  <testcase name="invalid_input_in_first_operand_would_return_second_operand" classname="RomanNumeralCalculatorAdditionTest" time="0.001"/>
  <testcase name="II_plus_I_should_be_III_though_params_are_switched" classname="RomanNumeralCalculatorAdditionTest" time="0.0"/>
  <testcase name="a_result_greater_than_3999_will_be_an_empty_string" classname="RomanNumeralCalculatorAdditionTest" time="0.001"/>
  <testcase name="I_plus_I_should_be_II" classname="RomanNumeralCalculatorAdditionTest" time="0.0"/>
  <testcase name="XI_plus_L_should_be_LXI" classname="RomanNumeralCalculatorAdditionTest" time="0.001"/>
  <testcase name="invalid_roman_numerals_will_add_to_empty_string" classname="RomanNumeralCalculatorAdditionTest" time="0.0"/>
  <testcase name="V_plus_II_should_be_VII" classname="RomanNumeralCalculatorAdditionTest" time="0.001"/>
  <testcase name="MCDXLVII_plus_II_should_be_MCDXLIX" classname="RomanNumeralCalculatorAdditionTest" time="0.0"/>
  <testcase name="IV_plus_V_should_be_IX" classname="RomanNumeralCalculatorAdditionTest" time="0.0"/>
  <testcase name="I_plus_V_should_be_VI" classname="RomanNumeralCalculatorAdditionTest" time="0.0"/>
  <testcase name="I_plus_III_should_be_IV" classname="RomanNumeralCalculatorAdditionTest" time="0.0"/>
  <testcase name="I_plus_II_should_be_III" classname="RomanNumeralCalculatorAdditionTest" time="0.0"/>
  <testcase name="I_plus_IV_should_be_V" classname="RomanNumeralCalculatorAdditionTest" time="0.0"/>
  <testcase name="V_plus_V_should_be_X" classname="RomanNumeralCalculatorAdditionTest" time="0.0"/>
  <system-out><![CDATA[]]></system-out>
  <system-err><![CDATA[]]></system-err>
</testsuite>
